[debug] [2024-12-13T07:50:08.958Z] ----------------------------------------------------------------------
[debug] [2024-12-13T07:50:08.962Z] Command:       C:\Program Files\nodejs\node.exe C:\Users\chaju\AppData\Roaming\npm\node_modules\firebase-tools\lib\bin\firebase.js init
[debug] [2024-12-13T07:50:08.963Z] CLI Version:   13.29.0
[debug] [2024-12-13T07:50:08.963Z] Platform:      win32
[debug] [2024-12-13T07:50:08.963Z] Node Version:  v22.11.0
[debug] [2024-12-13T07:50:08.964Z] Time:          Fri Dec 13 2024 08:50:08 GMT+0100 (hora estándar de Europa central)
[debug] [2024-12-13T07:50:08.964Z] ----------------------------------------------------------------------
[debug] 
[debug] [2024-12-13T07:50:08.976Z] > command requires scopes: ["email","openid","https://www.googleapis.com/auth/cloudplatformprojects.readonly","https://www.googleapis.com/auth/firebase","https://www.googleapis.com/auth/cloud-platform"]
[debug] [2024-12-13T07:50:08.977Z] > authorizing via signed-in user (loldatails@gmail.com)
[info] 
     ######## #### ########  ######## ########     ###     ######  ########
     ##        ##  ##     ## ##       ##     ##  ##   ##  ##       ##
     ######    ##  ########  ######   ########  #########  ######  ######
     ##        ##  ##    ##  ##       ##     ## ##     ##       ## ##
     ##       #### ##     ## ######## ########  ##     ##  ######  ########

You're about to initialize a Firebase project in this directory:

  C:\Users\chaju\Desktop\Angular Project\League_Of_Legends_Details_Project

[info] 
=== Project Setup
[info] 
[info] First, let's associate this project directory with a Firebase project.
[info] You can create multiple project aliases by running firebase use --add, 
[info] but for now we'll just set up a default project.
[info] 
[info] i  If you want to create a project in a Google Cloud organization or folder, please use "firebase projects:create" instead, and return to this command when you've created the project. 
[debug] [2024-12-13T07:51:09.404Z] ----------------------------------------------------------------------
[debug] [2024-12-13T07:51:09.410Z] Command:       C:\Program Files\nodejs\node.exe C:\Users\chaju\AppData\Roaming\npm\node_modules\firebase-tools\lib\bin\firebase.js init
[debug] [2024-12-13T07:51:09.411Z] CLI Version:   13.29.0
[debug] [2024-12-13T07:51:09.411Z] Platform:      win32
[debug] [2024-12-13T07:51:09.411Z] Node Version:  v22.11.0
[debug] [2024-12-13T07:51:09.412Z] Time:          Fri Dec 13 2024 08:51:09 GMT+0100 (hora estándar de Europa central)
[debug] [2024-12-13T07:51:09.412Z] ----------------------------------------------------------------------
[debug] 
[debug] [2024-12-13T07:51:09.426Z] > command requires scopes: ["email","openid","https://www.googleapis.com/auth/cloudplatformprojects.readonly","https://www.googleapis.com/auth/firebase","https://www.googleapis.com/auth/cloud-platform"]
[debug] [2024-12-13T07:51:09.427Z] > authorizing via signed-in user (loldatails@gmail.com)
[info] 
     ######## #### ########  ######## ########     ###     ######  ########
     ##        ##  ##     ## ##       ##     ##  ##   ##  ##       ##
     ######    ##  ########  ######   ########  #########  ######  ######
     ##        ##  ##    ##  ##       ##     ## ##     ##       ## ##
     ##       #### ##     ## ######## ########  ##     ##  ######  ########

You're about to initialize a Firebase project in this directory:

  C:\Users\chaju\Desktop\Angular Project\League_Of_Legends_Details_Project

[info] 
=== Project Setup
[info] 
[info] First, let's associate this project directory with a Firebase project.
[info] You can create multiple project aliases by running firebase use --add, 
[info] but for now we'll just set up a default project.
[info] 
